<?xml version="1.0" encoding="UTF-8"?>
<testng-results skipped="0" failed="0" total="1" passed="1">
  <reporter-output>
  </reporter-output>
  <suite name="Hotwire Automation Suite" duration-ms="42167" started-at="2019-01-10T07:30:56Z" finished-at="2019-01-10T07:31:38Z">
    <groups>
    </groups>
    <test name="Vacations" duration-ms="42167" started-at="2019-01-10T07:30:56Z" finished-at="2019-01-10T07:31:38Z">
      <class name="testScenarios.Vacations">
        <test-method status="PASS" signature="setSysProperties()[pri:0, instance:testScenarios.Vacations@769c9116]" name="setSysProperties" is-config="true" duration-ms="16" started-at="2019-01-10T13:00:56Z" finished-at="2019-01-10T13:00:56Z">
          <reporter-output>
          </reporter-output>
        </test-method> <!-- setSysProperties -->
        <test-method status="PASS" signature="setup(java.lang.String)[pri:0, instance:testScenarios.Vacations@769c9116]" name="setup" is-config="true" duration-ms="19074" started-at="2019-01-10T13:00:56Z" finished-at="2019-01-10T13:01:15Z">
          <params>
            <param index="0">
              <value>
                <![CDATA[Chrome]]>
              </value>
            </param>
          </params>
          <reporter-output>
          </reporter-output>
        </test-method> <!-- setup -->
        <test-method status="PASS" signature="Test001()[pri:0, instance:testScenarios.Vacations@769c9116]" name="Test001" duration-ms="22449" started-at="2019-01-10T13:01:15Z" finished-at="2019-01-10T13:01:37Z">
          <reporter-output>
          </reporter-output>
        </test-method> <!-- Test001 -->
        <test-method status="PASS" signature="teardown()[pri:0, instance:testScenarios.Vacations@769c9116]" name="teardown" is-config="true" duration-ms="641" started-at="2019-01-10T13:01:37Z" finished-at="2019-01-10T13:01:38Z">
          <reporter-output>
          </reporter-output>
        </test-method> <!-- teardown -->
      </class> <!-- testScenarios.Vacations -->
    </test> <!-- Vacations -->
  </suite> <!-- Hotwire Automation Suite -->
</testng-results>
